<!DOCTYPE html PUBLIC "-//W3C//DTD XHTML 1.0 Transitional//EN" "http://www.w3.org/TR/xhtml1/DTD/xhtml1-transitional.dtd">
<!-- Generated by Apache Maven Doxia Site Renderer 1.4 at 2014-09-22 -->
<html xmlns="http://www.w3.org/1999/xhtml" xml:lang="en" lang="en">
  <head>
    <meta http-equiv="Content-Type" content="text/html; charset=UTF-8" />
    <title>FortWarehouse - Surefire Report</title>
    <style type="text/css" media="all">
      @import url("./css/maven-base.css");
      @import url("./css/maven-theme.css");
      @import url("./css/site.css");
    </style>
    <link rel="stylesheet" href="./css/print.css" type="text/css" media="print" />
    <meta name="Date-Revision-yyyymmdd" content="20140922" />
    <meta http-equiv="Content-Language" content="en" />
        
        </head>
  <body class="composite">
    <div id="banner">
                    <div id="bannerLeft">
                FortWarehouse
                </div>
                    <div class="clear">
        <hr/>
      </div>
    </div>
    <div id="breadcrumbs">
            
                    
                <div class="xleft">
        <span id="publishDate">Last Published: 2014-09-22</span>
                  &nbsp;| <span id="projectVersion">Version: 1.1</span>
                      </div>
            <div class="xright">                    <a href="./" title="FortWarehouse">FortWarehouse</a>
              
                    
      </div>
      <div class="clear">
        <hr/>
      </div>
    </div>
    <div id="leftColumn">
      <div id="navcolumn">
             
                    
                                          <h5>Project Documentation</h5>
                  <ul>
                                                                                                                                                                                                                                                                                            <li class="collapsed">
                          <a href="project-info.html" title="Project Information">Project Information</a>
                  </li>
                                                                              <li class="expanded">
                          <a href="project-reports.html" title="Project Reports">Project Reports</a>
                    <ul>
                      <li class="none">
            <strong>Surefire Report</strong>
          </li>
              </ul>
        </li>
          </ul>
                             <a href="http://maven.apache.org/" title="Built by Maven" class="poweredBy">
        <img class="poweredBy" alt="Built by Maven" src="./images/logos/maven-feather.png" />
      </a>
                   
                    
            </div>
    </div>
    <div id="bodyColumn">
      <div id="contentBox">
        <script type="text/javascript">
//<![CDATA[
function toggleDisplay(elementId) {
 var elm = document.getElementById(elementId + 'error');
 if (elm && typeof elm.style != "undefined") {
 if (elm.style.display == "none") {
 elm.style.display = "";
 document.getElementById(elementId + 'off').style.display = "none";
 document.getElementById(elementId + 'on').style.display = "inline";
 } else if (elm.style.display == "") { elm.style.display = "none";
 document.getElementById(elementId + 'off').style.display = "inline";
 document.getElementById(elementId + 'on').style.display = "none";
 } 
 } 
 }
//]]>
</script>
<div class="section">
<h2>Surefire Report<a name="Surefire_Report"></a></h2></div>
<div class="section">
<h2>Summary<a name="Summary"></a></h2><a name="Summary"></a>
<p>[<a href="#Summary">Summary</a>] [<a href="#Package_List">Package List</a>] [<a href="#Test_Cases">Test Cases</a>]</p><br />
<table border="1" class="bodyTable">
<tr class="a">
<th>Tests</th>
<th>Errors </th>
<th>Failures</th>
<th>Skipped</th>
<th>Success Rate</th>
<th>Time</th></tr>
<tr class="b">
<td>6</td>
<td>1</td>
<td>1</td>
<td>1</td>
<td>50%</td>
<td>285.783</td></tr></table><br />
<p>Note: failures are anticipated and checked for with assertions while errors are unanticipated.</p><br /></div>
<div class="section">
<h2>Package List<a name="Package_List"></a></h2><a name="Package_List"></a>
<p>[<a href="#Summary">Summary</a>] [<a href="#Package_List">Package List</a>] [<a href="#Test_Cases">Test Cases</a>]</p><br />
<table border="1" class="bodyTable">
<tr class="a">
<th>Package</th>
<th>Tests</th>
<th>Errors </th>
<th>Failures</th>
<th>Skipped</th>
<th>Success Rate</th>
<th>Time</th></tr>
<tr class="b">
<td><a href="#core">core</a></td>
<td>6</td>
<td>1</td>
<td>1</td>
<td>1</td>
<td>50%</td>
<td>285.783</td></tr></table><br />
<p>Note: package statistics are not computed recursively, they only sum up all of its testsuites numbers.</p>
<div class="section">
<h3>core<a name="core"></a></h3><a name="core"></a>
<table border="1" class="bodyTable">
<tr class="a">
<th></th>
<th>Class</th>
<th>Tests</th>
<th>Errors </th>
<th>Failures</th>
<th>Skipped</th>
<th>Success Rate</th>
<th>Time</th></tr>
<tr class="b">
<td><a href="#coreHomePageTest"><img src="images/icon_error_sml.gif" alt="" /></a></td>
<td><a href="#coreHomePageTest">HomePageTest</a></td>
<td>3</td>
<td>1</td>
<td>1</td>
<td>1</td>
<td>0%</td>
<td>276.061</td></tr>
<tr class="a">
<td><a href="#coreLoginPageTest"><img src="images/icon_success_sml.gif" alt="" /></a></td>
<td><a href="#coreLoginPageTest">LoginPageTest</a></td>
<td>3</td>
<td>0</td>
<td>0</td>
<td>0</td>
<td>100%</td>
<td>9.722</td></tr></table></div><br /></div>
<div class="section">
<h2>Test Cases<a name="Test_Cases"></a></h2><a name="Test_Cases"></a>
<p>[<a href="#Summary">Summary</a>] [<a href="#Package_List">Package List</a>] [<a href="#Test_Cases">Test Cases</a>]</p>
<div class="section">
<h3>HomePageTest<a name="HomePageTest"></a></h3><a name="coreHomePageTest"></a>
<table border="1" class="bodyTable">
<tr class="a">
<td><a href="#core.HomePageTest.test_02_0001"><img src="images/icon_warning_sml.gif" alt="" /></a></td>
<td><a href="#core.HomePageTest.test_02_0001">test_02_0001</a>
<div class="detailToggle" style="display:inline"><a href="javascript:toggleDisplay(&apos;core_HomePageTest_test_02_0001&apos;);"><span style="display:inline;" id="core_HomePageTest_test_02_0001off"> + </span><span style="display:none;" id="core_HomePageTest_test_02_0001on"> - </span>[ Detail ]</a></div></td>
<td>0.071</td></tr>
<tr class="b">
<td></td>
<td>skipped</td>
<td></td></tr>
<tr class="a">
<td><a href="#core.HomePageTest.test_02_0002"><img src="images/icon_error_sml.gif" alt="" /></a></td>
<td><a href="#core.HomePageTest.test_02_0002">test_02_0002</a>
<div class="detailToggle" style="display:inline"><a href="javascript:toggleDisplay(&apos;core_HomePageTest_test_02_0002&apos;);"><span style="display:inline;" id="core_HomePageTest_test_02_0002off"> + </span><span style="display:none;" id="core_HomePageTest_test_02_0002on"> - </span>[ Detail ]</a></div></td>
<td>137.995</td></tr>
<tr class="b">
<td></td>
<td>Unable to locate element: {&quot;method&quot;:&quot;xpath&quot;,&quot;selector&quot;:&quot;.//*[@id='uploadForm']/table[3]/tbody/tr[17]/td&quot;} Command duration or timeout: 20.13 seconds For documentation on this error, please visit: http://seleniumhq.org/exceptions/no_such_element.html Build info: version: '2.42.2', revision: '6a6995d31c7c56c340d6f45a76976d43506cd6cc', time: '2014-06-03 10:52:47' System info: host: 'AcerWindows8', ip: '10.1.1.122', os.name: 'Windows 8', os.arch: 'x86', os.version: '6.2', java.version: '1.7.0_51' Session ID: feccf36d-e779-4479-bd68-2a22b51567fd Driver info: org.openqa.selenium.firefox.FirefoxDriver Capabilities [{platform=XP, databaseEnabled=true, cssSelectorsEnabled=true, javascriptEnabled=true, acceptSslCerts=true, handlesAlerts=true, browserName=firefox, webStorageEnabled=true, nativeEvents=false, rotatable=false, locationContextEnabled=true, applicationCacheEnabled=true, takesScreenshot=true, version=31.0}]</td>
<td></td></tr>
<tr class="a">
<td></td>
<td>
<div id="core_HomePageTest_test_02_0002error" style="display:none;">
<div>
<pre>org.openqa.selenium.NoSuchElementException: Unable to locate element: {&quot;method&quot;:&quot;xpath&quot;,&quot;selector&quot;:&quot;.//*[@id='uploadForm']/table[3]/tbody/tr[17]/td&quot;}Command duration or timeout: 20.13 secondsFor documentation on this error, please visit: http://seleniumhq.org/exceptions/no_such_element.htmlBuild info: version: '2.42.2', revision: '6a6995d31c7c56c340d6f45a76976d43506cd6cc', time: '2014-06-03 10:52:47'System info: host: 'AcerWindows8', ip: '10.1.1.122', os.name: 'Windows 8', os.arch: 'x86', os.version: '6.2', java.version: '1.7.0_51'Session ID: feccf36d-e779-4479-bd68-2a22b51567fdDriver info: org.openqa.selenium.firefox.FirefoxDriverCapabilities [{platform=XP, databaseEnabled=true, cssSelectorsEnabled=true, javascriptEnabled=true, acceptSslCerts=true, handlesAlerts=true, browserName=firefox, webStorageEnabled=true, nativeEvents=false, rotatable=false, locationContextEnabled=true, applicationCacheEnabled=true, takesScreenshot=true, version=31.0}]at sun.reflect.NativeConstructorAccessorImpl.newInstance0(Native Method)at sun.reflect.NativeConstructorAccessorImpl.newInstance(Unknown Source)at sun.reflect.DelegatingConstructorAccessorImpl.newInstance(Unknown Source)at java.lang.reflect.Constructor.newInstance(Unknown Source)at org.openqa.selenium.remote.ErrorHandler.createThrowable(ErrorHandler.java:204)at org.openqa.selenium.remote.ErrorHandler.throwIfResponseFailed(ErrorHandler.java:156)at org.openqa.selenium.remote.RemoteWebDriver.execute(RemoteWebDriver.java:599)at org.openqa.selenium.remote.RemoteWebDriver.findElement(RemoteWebDriver.java:352)at org.openqa.selenium.remote.RemoteWebDriver.findElementByXPath(RemoteWebDriver.java:449)at org.openqa.selenium.By$ByXPath.findElement(By.java:357)at org.openqa.selenium.remote.RemoteWebDriver.findElement(RemoteWebDriver.java:344)at core.HomePageTest.test_02_0002(HomePageTest.java:138)</pre></div></div></td>
<td></td></tr>
<tr class="b">
<td><a href="#core.HomePageTest.test_02_0002"><img src="images/icon_error_sml.gif" alt="" /></a></td>
<td><a href="#core.HomePageTest.test_02_0002">test_02_0002</a>
<div class="detailToggle" style="display:inline"><a href="javascript:toggleDisplay(&apos;core_HomePageTest_test_02_0002&apos;);"><span style="display:inline;" id="core_HomePageTest_test_02_0002off"> + </span><span style="display:none;" id="core_HomePageTest_test_02_0002on"> - </span>[ Detail ]</a></div></td>
<td>137.995</td></tr>
<tr class="a">
<td></td>
<td>Gateway Package Report Expected: is &quot;Gateways:1&quot;      but: was &quot;Gateways:&quot;</td>
<td></td></tr>
<tr class="b">
<td></td>
<td>
<div id="core_HomePageTest_test_02_0002error" style="display:none;">
<div>
<pre>java.lang.AssertionError: Gateway Package ReportExpected: is &quot;Gateways:1&quot;but: was &quot;Gateways:&quot;at org.hamcrest.MatcherAssert.assertThat(MatcherAssert.java:20)at core.HomePageTest.test_02_0002(HomePageTest.java:138)</pre></div></div></td>
<td></td></tr></table></div>
<div class="section">
<h3>LoginPageTest<a name="LoginPageTest"></a></h3><a name="coreLoginPageTest"></a>
<table border="1" class="bodyTable">
<tr class="a">
<td><img src="images/icon_success_sml.gif" alt="" /></td>
<td>test_01_0001</td>
<td>4.067</td></tr>
<tr class="b">
<td><img src="images/icon_success_sml.gif" alt="" /></td>
<td>test_01_0002</td>
<td>3.176</td></tr>
<tr class="a">
<td><img src="images/icon_success_sml.gif" alt="" /></td>
<td>test_01_0003</td>
<td>2.479</td></tr></table></div><br /></div>
<div class="section">
<h2>Failure Details<a name="Failure_Details"></a></h2><a name="Failure_Details"></a>
<p>[<a href="#Summary">Summary</a>] [<a href="#Package_List">Package List</a>] [<a href="#Test_Cases">Test Cases</a>]</p><br />
<table border="1" class="bodyTable">
<tr class="a">
<td><img src="images/icon_warning_sml.gif" alt="" /></td>
<td><a name="core.HomePageTest.test_02_0001"></a>test_02_0001</td></tr>
<tr class="b">
<td></td>
<td>skipped: skipped</td></tr>
<tr class="a">
<td><img src="images/icon_error_sml.gif" alt="" /></td>
<td><a name="core.HomePageTest.test_02_0002"></a>test_02_0002</td></tr>
<tr class="b">
<td></td>
<td>org.openqa.selenium.NoSuchElementException: Unable to locate element: {&quot;method&quot;:&quot;xpath&quot;,&quot;selector&quot;:&quot;.//*[@id='uploadForm']/table[3]/tbody/tr[17]/td&quot;} Command duration or timeout: 20.13 seconds For documentation on this error, please visit: http://seleniumhq.org/exceptions/no_such_element.html Build info: version: '2.42.2', revision: '6a6995d31c7c56c340d6f45a76976d43506cd6cc', time: '2014-06-03 10:52:47' System info: host: 'AcerWindows8', ip: '10.1.1.122', os.name: 'Windows 8', os.arch: 'x86', os.version: '6.2', java.version: '1.7.0_51' Session ID: feccf36d-e779-4479-bd68-2a22b51567fd Driver info: org.openqa.selenium.firefox.FirefoxDriver Capabilities [{platform=XP, databaseEnabled=true, cssSelectorsEnabled=true, javascriptEnabled=true, acceptSslCerts=true, handlesAlerts=true, browserName=firefox, webStorageEnabled=true, nativeEvents=false, rotatable=false, locationContextEnabled=true, applicationCacheEnabled=true, takesScreenshot=true, version=31.0}]</td></tr>                                                                            
<tr class="a">
<td></td>
<td>
<div id="test_02_0002error">core.HomePageTest:138</div></td></tr>
<tr class="b">
<td><img src="images/icon_error_sml.gif" alt="" /></td>
<td><a name="core.HomePageTest.test_02_0002"></a>test_02_0002</td></tr>
<tr class="a">
<td></td>
<td>java.lang.AssertionError: Gateway Package Report Expected: is &quot;Gateways:1&quot;      but: was &quot;Gateways:&quot;</td></tr>                
<tr class="b">
<td></td>
<td>
<div id="test_02_0002error">core.HomePageTest:138</div></td></tr></table><br /></div>
      </div>
    </div>
    <div class="clear">
      <hr/>
    </div>
    <div id="footer">
      <div class="xright">
              Copyright &#169;                   2014.
          All Rights Reserved.      
                    
                  </div>
      <div class="clear">
        <hr/>
      </div>
    </div>
  </body>
</html>
